// 重构日志: 43db8716
// 重构日志: 5a41b537
// 重构日志: c57465ca
// 重构日志: a520aa62
// 重构日志: 1b7d70fa
// 重构日志: bd819815
// 同步 ID: 64c31ca7 @ Sun Jul 12 23:33:26 UTC 2026
// 重构日志: 476255ac
// 重构日志: 179fea97
// 重构日志: 4c75c72f
// 同步 ID: 5770c2e8 @ Wed Jul 15 05:51:29 UTC 2026
// 重构日志: 52d99a32
// 重构日志: 2daeda97
// 重构日志: 6345c8fa
// 重构日志: d67416b9
// 重构日志: ee309e59
// 同步 ID: e8d3ee31 @ Thu Jul 16 13:05:44 UTC 2026
// 重构日志: b860e6c3
// 重构日志: e64c247c
// 重构日志: ca56ec70
// 重构日志: f2af8c11
// 同步 ID: 5fa9ffcd @ Sun Jul 19 09:23:29 UTC 2026
// 同步 ID: 3226e610 @ Sun Jul 19 14:05:40 UTC 2026
// 同步 ID: 19ea2cdc @ Sun Jul 19 15:21:48 UTC 2026
// 重构日志: b960c774
// 同步 ID: 9831b6a7 @ Tue Jul 21 14:57:02 UTC 2026
// 重构日志: f15885c8
// 同步 ID: 89b29683 @ Wed Jul 22 08:19:03 UTC 2026
// 同步 ID: b7c1d93b @ Wed Jul 22 20:11:56 UTC 2026
// 同步 ID: 8be8265c @ Thu Jul 23 17:16:30 UTC 2026
// 重构日志: 44463031
